<?xml version="1.0" encoding="UTF-8"?>
<testsuite name="tests.OnlinePaymentTest" tests="2" skipped="0" failures="0" errors="0" timestamp="2025-09-14T14:47:22.620Z" hostname="DESKTOP-GFS4JKK" time="15.568">
  <properties/>
  <testcase name="Проверка плейсхолдеров полей для всех сервисов" classname="tests.OnlinePaymentTest" time="7.474"/>
  <testcase name="Оплата мобильных услуг с валидными данными" classname="tests.OnlinePaymentTest" time="7.974"/>
  <system-out><![CDATA[]]></system-out>
  <system-err><![CDATA[[Test worker] INFO io.github.bonigarcia.wdm.WebDriverManager - Using chromedriver 140.0.7339.82 (resolved driver for Chrome 140)
[Test worker] INFO io.github.bonigarcia.wdm.WebDriverManager - Exporting webdriver.chrome.driver as C:\Users\micha\.cache\selenium\chromedriver\win64\140.0.7339.82\chromedriver.exe
Sep 14, 2025 5:47:24 PM org.openqa.selenium.devtools.CdpVersionFinder findNearestMatch
WARNING: Unable to find CDP implementation matching 140
Sep 14, 2025 5:47:24 PM org.openqa.selenium.chromium.ChromiumDriver lambda$new$5
WARNING: Unable to find version of CDP to use for 140.0.7339.128. You may need to include a dependency on a specific version of the CDP using something similar to `org.seleniumhq.selenium:selenium-devtools-v86:4.21.0` where the version ("v86") matches the version of the chromium-based browser you're using and the version number of the artifact is the same as Selenium's.
[Test worker] INFO io.github.bonigarcia.wdm.WebDriverManager - Using chromedriver 140.0.7339.82 (resolved driver for Chrome 140)
[Test worker] INFO io.github.bonigarcia.wdm.WebDriverManager - Exporting webdriver.chrome.driver as C:\Users\micha\.cache\selenium\chromedriver\win64\140.0.7339.82\chromedriver.exe
Sep 14, 2025 5:47:31 PM org.openqa.selenium.devtools.CdpVersionFinder findNearestMatch
WARNING: Unable to find CDP implementation matching 140
Sep 14, 2025 5:47:31 PM org.openqa.selenium.chromium.ChromiumDriver lambda$new$5
WARNING: Unable to find version of CDP to use for 140.0.7339.128. You may need to include a dependency on a specific version of the CDP using something similar to `org.seleniumhq.selenium:selenium-devtools-v86:4.21.0` where the version ("v86") matches the version of the chromium-based browser you're using and the version number of the artifact is the same as Selenium's.
]]></system-err>
</testsuite>
